#
# There is insufficient memory for the Java Runtime Environment to continue.
# Native memory allocation (malloc) failed to allocate 32784 bytes for Chunk::new
# Possible reasons:
#   The system is out of physical RAM or swap space
#   The process is running with CompressedOops enabled, and the Java Heap may be blocking the growth of the native heap
# Possible solutions:
#   Reduce memory load on the system
#   Increase physical memory or swap space
#   Check if swap backing store is full
#   Decrease Java heap size (-Xmx/-Xms)
#   Decrease number of Java threads
#   Decrease Java thread stack sizes (-Xss)
#   Set larger code cache with -XX:ReservedCodeCacheSize=
#   JVM is running with Unscaled Compressed Oops mode in which the Java heap is
#     placed in the first 4GB address space. The Java Heap base address is the
#     maximum limit for the native heap growth. Please use -XX:HeapBaseMinAddress
#     to set the Java Heap base and to place the Java Heap above 4GB virtual address.
# This output file may be truncated or incomplete.
#
#  Out of Memory Error (allocation.cpp:389), pid=3624, tid=0x000000000000035c
#
# JRE version: Java(TM) SE Runtime Environment (8.0_301-b09) (build 1.8.0_301-b09)
# Java VM: Java HotSpot(TM) 64-Bit Server VM (25.301-b09 mixed mode windows-amd64 compressed oops)
# Failed to write core dump. Minidumps are not enabled by default on client versions of Windows
#

---------------  T H R E A D  ---------------

Current thread (0x00000187e5e1e800):  JavaThread "C2 CompilerThread0" daemon [_thread_in_native, id=860, stack(0x0000005c8dd00000,0x0000005c8de00000)]

Stack: [0x0000005c8dd00000,0x0000005c8de00000]
Native frames: (J=compiled Java code, j=interpreted, Vv=VM code, C=native code)
V  [jvm.dll+0x32ed79]


Current CompileTask:
C2:   1303  960       4       sun.misc.URLClassPath::getResource (83 bytes)


---------------  P R O C E S S  ---------------

Java Threads: ( => current thread )
  0x00000187e5e88800 JavaThread "Service Thread" daemon [_thread_blocked, id=3472, stack(0x0000005c8e000000,0x0000005c8e100000)]
  0x00000187e5e83000 JavaThread "C1 CompilerThread2" daemon [_thread_blocked, id=8640, stack(0x0000005c8df00000,0x0000005c8e000000)]
  0x00000187e5e20800 JavaThread "C2 CompilerThread1" daemon [_thread_blocked, id=8048, stack(0x0000005c8de00000,0x0000005c8df00000)]
=>0x00000187e5e1e800 JavaThread "C2 CompilerThread0" daemon [_thread_in_native, id=860, stack(0x0000005c8dd00000,0x0000005c8de00000)]
  0x00000187e5e1b000 JavaThread "Monitor Ctrl-Break" daemon [_thread_in_native, id=8076, stack(0x0000005c8dc00000,0x0000005c8dd00000)]
  0x00000187e5dba000 JavaThread "Attach Listener" daemon [_thread_blocked, id=6712, stack(0x0000005c8db00000,0x0000005c8dc00000)]
  0x00000187e5db9000 JavaThread "Signal Dispatcher" daemon [_thread_blocked, id=6952, stack(0x0000005c8da00000,0x0000005c8db00000)]
  0x00000187e5d89000 JavaThread "Finalizer" daemon [_thread_blocked, id=8072, stack(0x0000005c8d900000,0x0000005c8da00000)]
  0x00000187e564e000 JavaThread "Reference Handler" daemon [_thread_blocked, id=8056, stack(0x0000005c8d800000,0x0000005c8d900000)]
  0x00000187cf723000 JavaThread "main" [_thread_in_vm, id=5512, stack(0x0000005c8d200000,0x0000005c8d300000)]

Other Threads:
  0x00000187e5d63000 VMThread [stack: 0x0000005c8d700000,0x0000005c8d800000] [id=2772]
  0x00000187e5ea3000 WatcherThread [stack: 0x0000005c8e100000,0x0000005c8e200000] [id=10196]

VM state:not at safepoint (normal execution)

VM Mutex/Monitor currently owned by a thread: None

OutOfMemory and StackOverflow Exception counts:
OutOfMemoryError java_heap_errors=3

heap address: 0x0000000082000000, size: 2016 MB, Compressed Oops mode: 32-bit
Narrow klass base: 0x0000000000000000, Narrow klass shift: 3
Compressed class space size: 1073741824 Address: 0x0000000100000000

Heap:
 PSYoungGen      total 37888K, used 31021K [0x00000000d6000000, 0x00000000d8a00000, 0x0000000100000000)
  eden space 32768K, 94% used [0x00000000d6000000,0x00000000d7e4b688,0x00000000d8000000)
  from space 5120K, 0% used [0x00000000d8500000,0x00000000d8500000,0x00000000d8a00000)
  to   space 5120K, 0% used [0x00000000d8000000,0x00000000d8000000,0x00000000d8500000)
 ParOldGen       total 86016K, used 0K [0x0000000082000000, 0x0000000087400000, 0x00000000d6000000)
  object space 86016K, 0% used [0x0000000082000000,0x0000000082000000,0x0000000087400000)
 Metaspace       used 11826K, capacity 12264K, committed 12416K, reserved 1060864K
  class space    used 1434K, capacity 1579K, committed 1664K, reserved 1048576K

Card table byte_map: [0x00000187e0390000,0x00000187e0790000] byte_map_base: 0x00000187dff80000

Marking Bits: (ParMarkBitMap*) 0x0000000062fc7fe0
 Begin Bits: [0x00000187e0a30000, 0x00000187e29b0000)
 End Bits:   [0x00000187e29b0000, 0x00000187e4930000)

Polling page: 0x00000187d0fa0000

CodeCache: size=245760Kb used=3639Kb max_used=3639Kb free=242120Kb
 bounds [0x00000187d0fd0000, 0x00000187d1360000, 0x00000187dffd0000]
 total_blobs=1327 nmethods=959 adapters=280
 compilation: disabled (not enough contiguous free space left)

Compilation events (10 events):
Event: 1.274 Thread 0x00000187e5e83000 nmethod 955 0x00000187d135bb90 code [0x00000187d135bd00, 0x00000187d135bf38]
Event: 1.274 Thread 0x00000187e5e83000  956   !   3       java.util.jar.JarFile$JarFileEntry::getCodeSigners (78 bytes)
Event: 1.274 Thread 0x00000187e5e83000 nmethod 956 0x00000187d135c010 code [0x00000187d135c1e0, 0x00000187d135c8a0]
Event: 1.274 Thread 0x00000187e5e83000  957       3       java.security.CodeSource::<init> (40 bytes)
Event: 1.275 Thread 0x00000187e5e83000 nmethod 957 0x00000187d135cb10 code [0x00000187d135cca0, 0x00000187d135d0f0]
Event: 1.275 Thread 0x00000187e5e83000  958   !   3       java.security.SecureClassLoader::getProtectionDomain (114 bytes)
Event: 1.275 Thread 0x00000187e5e83000 nmethod 958 0x00000187d135d250 code [0x00000187d135d400, 0x00000187d135dba0]
Event: 1.275 Thread 0x00000187e5e83000  959       3       java.lang.ClassLoader::defineClass (43 bytes)
Event: 1.275 Thread 0x00000187e5e83000 nmethod 959 0x00000187d135ded0 code [0x00000187d135e0c0, 0x00000187d135ec90]
Event: 1.280 Thread 0x00000187e5e1e800  960       4       sun.misc.URLClassPath::getResource (83 bytes)

GC Heap History (0 events):
No events

Deoptimization events (3 events):
Event: 0.615 Thread 0x00000187cf723000 Uncommon trap: reason=unstable_if action=reinterpret pc=0x00000187d11c7514 method=sun.misc.MetaIndex.mayContain(Ljava/lang/String;)Z @ 38
Event: 0.645 Thread 0x00000187cf723000 Uncommon trap: reason=unstable_if action=reinterpret pc=0x00000187d1192ec4 method=java.lang.String.indexOf([CII[CIII)I @ 134
Event: 0.655 Thread 0x00000187cf723000 Uncommon trap: reason=null_check action=make_not_entrant pc=0x00000187d118b470 method=java.lang.String.equals(Ljava/lang/Object;)Z @ 8

Classes redefined (0 events):
No events

Internal exceptions (10 events):
Event: 0.411 Thread 0x00000187cf723000 Exception <a 'java/security/PrivilegedActionException'> (0x00000000d6355ed8) thrown at [C:\jenkins\workspace\8-2-build-windows-amd64-cygwin\jdk8u301\1513\hotspot\src\share\vm\prims\jvm.cpp, line 1523]
Event: 0.412 Thread 0x00000187cf723000 Exception <a 'java/security/PrivilegedActionException'> (0x00000000d6359de8) thrown at [C:\jenkins\workspace\8-2-build-windows-amd64-cygwin\jdk8u301\1513\hotspot\src\share\vm\prims\jvm.cpp, line 1523]
Event: 0.412 Thread 0x00000187cf723000 Exception <a 'java/security/PrivilegedActionException'> (0x00000000d6359ff8) thrown at [C:\jenkins\workspace\8-2-build-windows-amd64-cygwin\jdk8u301\1513\hotspot\src\share\vm\prims\jvm.cpp, line 1523]
Event: 0.491 Thread 0x00000187cf723000 Exception <a 'java/lang/NoSuchFieldError': method resolution failed> (0x00000000d6578240) thrown at [C:\jenkins\workspace\8-2-build-windows-amd64-cygwin\jdk8u301\1513\hotspot\src\share\vm\prims\methodHandles.cpp, line 1169]
Event: 0.492 Thread 0x00000187cf723000 Exception <a 'java/lang/NoSuchFieldError': method resolution failed> (0x00000000d65860e8) thrown at [C:\jenkins\workspace\8-2-build-windows-amd64-cygwin\jdk8u301\1513\hotspot\src\share\vm\prims\methodHandles.cpp, line 1169]
Event: 0.607 Thread 0x00000187cf723000 Exception <a 'java/lang/ArrayIndexOutOfBoundsException'> (0x00000000d6978970) thrown at [C:\jenkins\workspace\8-2-build-windows-amd64-cygwin\jdk8u301\1513\hotspot\src\share\vm\runtime\sharedRuntime.cpp, line 609]
Event: 0.607 Thread 0x00000187cf723000 Exception <a 'java/lang/ArrayIndexOutOfBoundsException'> (0x00000000d697a4f8) thrown at [C:\jenkins\workspace\8-2-build-windows-amd64-cygwin\jdk8u301\1513\hotspot\src\share\vm\runtime\sharedRuntime.cpp, line 609]
Event: 0.655 Thread 0x00000187cf723000 Implicit null exception at 0x00000187d118b2a2 to 0x00000187d118b461
Event: 0.915 Thread 0x00000187cf723000 Exception <a 'java/lang/NoSuchMethodError': java.lang.Object.lambda$comparingInt$7b0bb60$1(Ljava/util/function/ToIntFunction;Ljava/lang/Object;Ljava/lang/Object;)I> (0x00000000d6e346d8) thrown at [C:\jenkins\workspace\8-2-build-windows-amd64-cygwin\jdk8u3
Event: 1.034 Thread 0x00000187cf723000 Exception <a 'java/lang/IncompatibleClassChangeError': Found class java.lang.Object, but interface was expected> (0x00000000d72642c0) thrown at [C:\jenkins\workspace\8-2-build-windows-amd64-cygwin\jdk8u301\1513\hotspot\src\share\vm\interpreter\linkResolve

Events (10 events):
Event: 1.279 loading class okhttp3/OkHttpClient$1
Event: 1.279 loading class okhttp3/OkHttpClient$1 done
Event: 1.280 loading class okhttp3/Call
Event: 1.280 loading class okhttp3/Call done
Event: 1.280 loading class okhttp3/WebSocket
Event: 1.280 loading class okhttp3/WebSocket done
Event: 1.280 loading class okhttp3/Protocol
Event: 1.280 loading class okhttp3/Protocol done
Event: 1.280 loading class okhttp3/ConnectionSpec
Event: 1.280 loading class okhttp3/ConnectionSpec done


Dynamic libraries:
0x00007ff78e040000 - 0x00007ff78e087000 	C:\Program Files\Java\jdk1.8.0_301\bin\java.exe
0x00007ffad35a0000 - 0x00007ffad378d000 	C:\Windows\SYSTEM32\ntdll.dll
0x00007ffad2d00000 - 0x00007ffad2db3000 	C:\Windows\System32\KERNEL32.DLL
0x00007ffacfff0000 - 0x00007ffad0285000 	C:\Windows\System32\KERNELBASE.dll
0x00007ffad2570000 - 0x00007ffad2614000 	C:\Windows\System32\ADVAPI32.dll
0x00007ffad2e70000 - 0x00007ffad2f0e000 	C:\Windows\System32\msvcrt.dll
0x00007ffad24d0000 - 0x00007ffad256e000 	C:\Windows\System32\sechost.dll
0x00007ffad2190000 - 0x00007ffad22af000 	C:\Windows\System32\RPCRT4.dll
0x00007ffad0990000 - 0x00007ffad0b28000 	C:\Windows\System32\USER32.dll
0x00007ffacf650000 - 0x00007ffacf670000 	C:\Windows\System32\win32u.dll
0x00007ffad2cd0000 - 0x00007ffad2cf9000 	C:\Windows\System32\GDI32.dll
0x00007ffad0630000 - 0x00007ffad07cc000 	C:\Windows\System32\gdi32full.dll
0x00007ffad02b0000 - 0x00007ffad0350000 	C:\Windows\System32\msvcp_win.dll
0x00007ffacfef0000 - 0x00007ffacffea000 	C:\Windows\System32\ucrtbase.dll
0x00007ffac0d90000 - 0x00007ffac1009000 	C:\Windows\WinSxS\amd64_microsoft.windows.common-controls_6595b64144ccf1df_6.0.17763.2114_none_de6e8966534dbac6\COMCTL32.dll
0x00007ffad3240000 - 0x00007ffad356d000 	C:\Windows\System32\combase.dll
0x00007ffad03b0000 - 0x00007ffad0432000 	C:\Windows\System32\bcryptPrimitives.dll
0x00007ffad07e0000 - 0x00007ffad080e000 	C:\Windows\System32\IMM32.DLL
0x00007ffacbb80000 - 0x00007ffacbb95000 	C:\Program Files\Java\jdk1.8.0_301\jre\bin\vcruntime140.dll
0x00007ffacbae0000 - 0x00007ffacbb7b000 	C:\Program Files\Java\jdk1.8.0_301\jre\bin\msvcp140.dll
0x00000000627e0000 - 0x0000000063040000 	C:\Program Files\Java\jdk1.8.0_301\jre\bin\server\jvm.dll
0x00007ffad07d0000 - 0x00007ffad07d8000 	C:\Windows\System32\PSAPI.DLL
0x00007ffabf720000 - 0x00007ffabf729000 	C:\Windows\SYSTEM32\WSOCK32.dll
0x00007ffacd160000 - 0x00007ffacd184000 	C:\Windows\SYSTEM32\WINMM.dll
0x00007ffad22b0000 - 0x00007ffad231d000 	C:\Windows\System32\WS2_32.dll
0x00007ffac33d0000 - 0x00007ffac33da000 	C:\Windows\SYSTEM32\VERSION.dll
0x00007ffacd130000 - 0x00007ffacd15d000 	C:\Windows\SYSTEM32\WINMMBASE.dll
0x00007ffacf6a0000 - 0x00007ffacf6ea000 	C:\Windows\System32\cfgmgr32.dll
0x00007ffacf5e0000 - 0x00007ffacf5f1000 	C:\Windows\System32\kernel.appcore.dll
0x00007ffacbad0000 - 0x00007ffacbae0000 	C:\Program Files\Java\jdk1.8.0_301\jre\bin\verify.dll
0x00007ffacbaa0000 - 0x00007ffacbacb000 	C:\Program Files\Java\jdk1.8.0_301\jre\bin\java.dll
0x00007ffac8f90000 - 0x00007ffac8fc0000 	C:\Program Files\Java\jdk1.8.0_301\jre\bin\instrument.dll
0x00007ffacba60000 - 0x00007ffacba78000 	C:\Program Files\Java\jdk1.8.0_301\jre\bin\zip.dll
0x00007ffad0b30000 - 0x00007ffad2029000 	C:\Windows\System32\SHELL32.dll
0x00007ffad2dc0000 - 0x00007ffad2e68000 	C:\Windows\System32\shcore.dll
0x00007ffacf7a0000 - 0x00007ffacfeeb000 	C:\Windows\System32\windows.storage.dll
0x00007ffacf620000 - 0x00007ffacf644000 	C:\Windows\System32\profapi.dll
0x00007ffacf580000 - 0x00007ffacf5dd000 	C:\Windows\System32\powrprof.dll
0x00007ffad2470000 - 0x00007ffad24c2000 	C:\Windows\System32\shlwapi.dll
0x00007ffad0290000 - 0x00007ffad02a7000 	C:\Windows\System32\cryptsp.dll
0x00007ffac0830000 - 0x00007ffac084a000 	C:\Program Files\JetBrains\IntelliJ IDEA Community Edition 2021.2\bin\breakgen64.dll
0x00007ffac44c0000 - 0x00007ffac44dc000 	C:\Program Files\Java\jdk1.8.0_301\jre\bin\net.dll
0x00007ffaced70000 - 0x00007ffacedd7000 	C:\Windows\system32\mswsock.dll
0x00007fface900000 - 0x00007fface933000 	C:\Windows\system32\rsaenh.dll
0x00007ffacf670000 - 0x00007ffacf696000 	C:\Windows\System32\bcrypt.dll
0x00007ffacf4b0000 - 0x00007ffacf4d9000 	C:\Windows\SYSTEM32\USERENV.dll
0x00007ffacef40000 - 0x00007ffacef4c000 	C:\Windows\SYSTEM32\CRYPTBASE.dll
0x00007ffacea90000 - 0x00007ffaceacd000 	C:\Windows\SYSTEM32\IPHLPAPI.DLL
0x00007ffad3080000 - 0x00007ffad3088000 	C:\Windows\System32\NSI.dll
0x00007ffac26a0000 - 0x00007ffac26b6000 	C:\Windows\SYSTEM32\dhcpcsvc6.DLL
0x00007ffac2770000 - 0x00007ffac278c000 	C:\Windows\SYSTEM32\dhcpcsvc.DLL
0x00007ffacead0000 - 0x00007ffaceb96000 	C:\Windows\SYSTEM32\DNSAPI.dll
0x00007ffac0850000 - 0x00007ffac0863000 	C:\Program Files\Java\jdk1.8.0_301\jre\bin\nio.dll
0x00007ffac0020000 - 0x00007ffac002a000 	C:\Windows\System32\rasadhlp.dll
0x00007ffac0260000 - 0x00007ffac02d9000 	C:\Windows\System32\fwpuclnt.dll

VM Arguments:
jvm_args: -ea -Didea.test.cyclic.buffer.size=1048576 -javaagent:C:\Program Files\JetBrains\IntelliJ IDEA Community Edition 2021.2\lib\idea_rt.jar=50539:C:\Program Files\JetBrains\IntelliJ IDEA Community Edition 2021.2\bin -Dfile.encoding=UTF-8 
java_command: com.intellij.rt.testng.RemoteTestNGStarter -usedefaultlisteners false -socket50538 @w@C:\Users\KAMER\AppData\Local\Temp\idea_working_dirs_testng1402.tmp -temp C:\Users\KAMER\AppData\Local\Temp\idea_testng1010.tmp
java_class_path (initial): C:\Program Files\JetBrains\IntelliJ IDEA Community Edition 2021.2\lib\idea_rt.jar;C:\Program Files\JetBrains\IntelliJ IDEA Community Edition 2021.2\plugins\testng\lib\testng-rt.jar;C:\Program Files\Java\jdk1.8.0_301\jre\lib\charsets.jar;C:\Program Files\Java\jdk1.8.0_301\jre\lib\deploy.jar;C:\Program Files\Java\jdk1.8.0_301\jre\lib\ext\access-bridge-64.jar;C:\Program Files\Java\jdk1.8.0_301\jre\lib\ext\cldrdata.jar;C:\Program Files\Java\jdk1.8.0_301\jre\lib\ext\dnsns.jar;C:\Program Files\Java\jdk1.8.0_301\jre\lib\ext\jaccess.jar;C:\Program Files\Java\jdk1.8.0_301\jre\lib\ext\jfxrt.jar;C:\Program Files\Java\jdk1.8.0_301\jre\lib\ext\localedata.jar;C:\Program Files\Java\jdk1.8.0_301\jre\lib\ext\nashorn.jar;C:\Program Files\Java\jdk1.8.0_301\jre\lib\ext\sunec.jar;C:\Program Files\Java\jdk1.8.0_301\jre\lib\ext\sunjce_provider.jar;C:\Program Files\Java\jdk1.8.0_301\jre\lib\ext\sunmscapi.jar;C:\Program Files\Java\jdk1.8.0_301\jre\lib\ext\sunpkcs11.jar;C:\Program Files\Java\jdk1.8.0_301\jre\lib\ext\zipfs.jar;C:\Program Files\Java\jdk1.8.0_301\jre\lib\javaws.jar;C:\Program Files\Java\jdk1.8.0_301\jre\lib\jce.jar;C:\Program Files\Java\jdk1.8.0_301\jre\lib\jfr.jar;C:\Program Files\Java\jdk1.8.0_301\jre\lib\jfxswt.jar;C:\Program Files\Java\jdk1.8.0_301\jre\lib\jsse.jar;C:\Program Files\Java\jdk1.8.0_301\jre\lib\management-agent.jar;C:\Program Files\Java\jdk1.8.0_301\jre\lib\plugin.jar;C:\Program Files\Java\jdk1.8.0_301\jre\lib\resources.jar;C:\Program Files\Java\jdk1.8.0_301\jre\lib\rt.jar;C:\Users\KAMER\IdeaProjects\hepsiPro\target\test-classes;C:\Users\KAMER\.m2\repository\org\seleniumhq\selenium\selenium-java\3.141.59\selenium-java-3.141.59.jar;C:\Users\KAMER\.m2\repository\org\seleniumhq\selenium\selenium-api\3.141.59\selenium-api-3.141.59.jar;C:\Users\KAMER\.m2\repository\org\seleniumhq\selenium\selenium-chrome-driver\3.141.59\selenium-chrome-driver-3.141.59.jar;C:\Users\KAMER\.m2\repository\org\seleniumhq\selenium\selenium-edge-driver\3.141.59
Launcher Type: SUN_STANDARD

Environment Variables:
PATH=C:\Program Files (x86)\Common Files\Oracle\Java\javapath;C:\Windows\system32;C:\Windows;C:\Windows\System32\Wbem;C:\Windows\System32\WindowsPowerShell\v1.0\;C:\Windows\System32\OpenSSH\;C:\Program Files (x86)\NVIDIA Corporation\PhysX\Common;C:\Users\KAMER\AppData\Local\Microsoft\WindowsApps;
USERNAME=KAMER
OS=Windows_NT
PROCESSOR_IDENTIFIER=Intel64 Family 6 Model 158 Stepping 9, GenuineIntel



---------------  S Y S T E M  ---------------

OS: Windows 10.0 , 64 bit Build 17763 (10.0.17763.2090)

CPU:total 4 (initial active 4) (4 cores per cpu, 1 threads per core) family 6 model 158 stepping 9, cmov, cx8, fxsr, mmx, sse, sse2, sse3, ssse3, sse4.1, sse4.2, popcnt, avx, avx2, aes, clmul, erms, 3dnowpref, lzcnt, tsc, tscinvbit, bmi1, bmi2, adx

Memory: 4k page, physical 8251860k(1736996k free), swap 8251860k(5152k free)

vm_info: Java HotSpot(TM) 64-Bit Server VM (25.301-b09) for windows-amd64 JRE (1.8.0_301-b09), built on Jun  9 2021 06:46:21 by "java_re" with MS VC++ 15.9 (VS2017)

time: Tue Aug 31 09:40:13 2021
timezone: Türkiye Standart Saati
elapsed time: 1.308780 seconds (0d 0h 0m 1s)

